[    0.000000] Initializing cgroup subsys cpuset
[    0.000000] Initializing cgroup subsys cpu
[    0.000000] Initializing cgroup subsys cpuacct
[    0.000000] Linux version 4.4.0-157-generic (buildd@lgw01-amd64-037) (gcc version 5.4.0 20160609 (Ubuntu 5.4.0-6ubuntu1~16.04.10) ) #185-Ubuntu SMP Tue Jul 23 09:17:01 UTC 2019 (Ubuntu 4.4.0-157.185-generic 4.4.181)
[    0.000000] Command line: BOOT_IMAGE=/boot/vmlinuz-4.4.0-157-generic root=LABEL=cloudimg-rootfs ro console=tty1 console=ttyS0
[    0.000000] KERNEL supported cpus:
[    0.000000]   Intel GenuineIntel
[    0.000000]   AMD AuthenticAMD
[    0.000000]   Centaur CentaurHauls
[    0.000000] x86/fpu: xstate_offset[2]:  576, xstate_sizes[2]:  256
[    0.000000] x86/fpu: Supporting XSAVE feature 0x01: 'x87 floating point registers'
[    0.000000] x86/fpu: Supporting XSAVE feature 0x02: 'SSE registers'
[    0.000000] x86/fpu: Supporting XSAVE feature 0x04: 'AVX registers'
[    0.000000] x86/fpu: Enabled xstate features 0x7, context size is 832 bytes, using 'standard' format.
[    0.000000] e820: BIOS-provided physical RAM map:
[    0.000000] BIOS-e820: [mem 0x0000000000000000-0x000000000009fbff] usable
[    0.000000] BIOS-e820: [mem 0x000000000009fc00-0x000000000009ffff] reserved
[    0.000000] BIOS-e820: [mem 0x00000000000f0000-0x00000000000fffff] reserved
[    0.000000] BIOS-e820: [mem 0x0000000000100000-0x000000003ffeffff] usable
[    0.000000] BIOS-e820: [mem 0x000000003fff0000-0x000000003fffffff] ACPI data
[    0.000000] BIOS-e820: [mem 0x00000000fec00000-0x00000000fec00fff] reserved
[    0.000000] BIOS-e820: [mem 0x00000000fee00000-0x00000000fee00fff] reserved
[    0.000000] BIOS-e820: [mem 0x00000000fffc0000-0x00000000ffffffff] reserved
[    0.000000] NX (Execute Disable) protection: active
[    0.000000] SMBIOS 2.5 present.
[    0.000000] Hypervisor detected: KVM
[    0.000000] e820: last_pfn = 0x3fff0 max_arch_pfn = 0x400000000
[    0.000000] MTRR: Disabled
[    0.000000] x86/PAT: MTRRs disabled, skipping PAT initialization too.
[    0.000000] CPU MTRRs all blank - virtualized system.
[    0.000000] x86/PAT: Configuration [0-7]: WB  WT  UC- UC  WB  WT  UC- UC  
[    0.000000] found SMP MP-table at [mem 0x0009fff0-0x0009ffff] mapped at [ffff88000009fff0]
[    0.000000] Scanning 1 areas for low memory corruption
[    0.000000] RAMDISK: [mem 0x362fc000-0x37175fff]
[    0.000000] ACPI: Early table checksum verification disabled
[    0.000000] ACPI: RSDP 0x00000000000E0000 000024 (v02 VBOX  )
[    0.000000] ACPI: XSDT 0x000000003FFF0030 00003C (v01 VBOX   VBOXXSDT 00000001 ASL  00000061)
[    0.000000] ACPI: FACP 0x000000003FFF00F0 0000F4 (v04 VBOX   VBOXFACP 00000001 ASL  00000061)
[    0.000000] ACPI: DSDT 0x000000003FFF0470 0022EA (v02 VBOX   VBOXBIOS 00000002 INTL 20100528)
[    0.000000] ACPI: FACS 0x000000003FFF0200 000040
[    0.000000] ACPI: FACS 0x000000003FFF0200 000040
[    0.000000] ACPI: APIC 0x000000003FFF0240 00005C (v02 VBOX   VBOXAPIC 00000001 ASL  00000061)
[    0.000000] ACPI: SSDT 0x000000003FFF02A0 0001CC (v01 VBOX   VBOXCPUT 00000002 INTL 20100528)
[    0.000000] No NUMA configuration found
[    0.000000] Faking a node at [mem 0x0000000000000000-0x000000003ffeffff]
[    0.000000] NODE_DATA(0) allocated [mem 0x3ffeb000-0x3ffeffff]
[    0.000000] kvm-clock: Using msrs 4b564d01 and 4b564d00
[    0.000000] kvm-clock: cpu 0, msr 0:3ffe3001, primary cpu clock
[    0.000000] kvm-clock: using sched offset of 4028793921 cycles
[    0.000000] clocksource: kvm-clock: mask: 0xffffffffffffffff max_cycles: 0x1cd42e4dffb, max_idle_ns: 881590591483 ns
[    0.000000] Zone ranges:
[    0.000000]   DMA      [mem 0x0000000000001000-0x0000000000ffffff]
[    0.000000]   DMA32    [mem 0x0000000001000000-0x000000003ffeffff]
[    0.000000]   Normal   empty
[    0.000000]   Device   empty
[    0.000000] Movable zone start for each node
[    0.000000] Early memory node ranges
[    0.000000]   node   0: [mem 0x0000000000001000-0x000000000009efff]
[    0.000000]   node   0: [mem 0x0000000000100000-0x000000003ffeffff]
[    0.000000] Initmem setup node 0 [mem 0x0000000000001000-0x000000003ffeffff]
[    0.000000] ACPI: PM-Timer IO Port: 0x4008
[    0.000000] IOAPIC[0]: apic_id 2, version 32, address 0xfec00000, GSI 0-23
[    0.000000] ACPI: INT_SRC_OVR (bus 0 bus_irq 0 global_irq 2 dfl dfl)
[    0.000000] ACPI: INT_SRC_OVR (bus 0 bus_irq 9 global_irq 9 low level)
[    0.000000] Using ACPI (MADT) for SMP configuration information
[    0.000000] smpboot: Allowing 2 CPUs, 0 hotplug CPUs
[    0.000000] PM: Registered nosave memory: [mem 0x00000000-0x00000fff]
[    0.000000] PM: Registered nosave memory: [mem 0x0009f000-0x0009ffff]
[    0.000000] PM: Registered nosave memory: [mem 0x000a0000-0x000effff]
[    0.000000] PM: Registered nosave memory: [mem 0x000f0000-0x000fffff]
[    0.000000] e820: [mem 0x40000000-0xfebfffff] available for PCI devices
[    0.000000] Booting paravirtualized kernel on KVM
[    0.000000] clocksource: refined-jiffies: mask: 0xffffffff max_cycles: 0xffffffff, max_idle_ns: 7645519600211568 ns
[    0.000000] setup_percpu: NR_CPUS:512 nr_cpumask_bits:512 nr_cpu_ids:2 nr_node_ids:1
[    0.000000] PERCPU: Embedded 34 pages/cpu @ffff88003fc00000 s99544 r8192 d31528 u1048576
[    0.000000] Built 1 zonelists in Node order, mobility grouping on.  Total pages: 257912
[    0.000000] Policy zone: DMA32
[    0.000000] Kernel command line: BOOT_IMAGE=/boot/vmlinuz-4.4.0-157-generic root=LABEL=cloudimg-rootfs ro console=tty1 console=ttyS0
[    0.000000] PID hash table entries: 4096 (order: 3, 32768 bytes)
[    0.000000] Memory: 997736K/1048120K available (8618K kernel code, 1335K rwdata, 4032K rodata, 1484K init, 1284K bss, 50384K reserved, 0K cma-reserved)
[    0.000000] SLUB: HWalign=64, Order=0-3, MinObjects=0, CPUs=2, Nodes=1
[    0.000000] Kernel/User page tables isolation: enabled
[    0.000000] Hierarchical RCU implementation.
[    0.000000] 	Build-time adjustment of leaf fanout to 64.
[    0.000000] 	RCU restricting CPUs from NR_CPUS=512 to nr_cpu_ids=2.
[    0.000000] RCU: Adjusting geometry for rcu_fanout_leaf=64, nr_cpu_ids=2
[    0.000000] NR_IRQS:33024 nr_irqs:440 16
[    0.000000] Console: colour VGA+ 80x25
[    0.000000] console [tty1] enabled
[    0.000000] console [ttyS0] enabled
[    0.000000] tsc: Detected 2904.004 MHz processor
[    0.481046] Calibrating delay loop (skipped) preset value.. 5808.00 BogoMIPS (lpj=11616016)
[    0.488994] pid_max: default: 32768 minimum: 301
[    0.493187] ACPI: Core revision 20150930
[    0.502996] ACPI: 2 ACPI AML tables successfully acquired and loaded
[    0.510518] Security Framework initialized
[    0.515634] Yama: becoming mindful.
[    0.519837] AppArmor: AppArmor initialized
[    0.524902] Dentry cache hash table entries: 131072 (order: 8, 1048576 bytes)
[    0.542512] Inode-cache hash table entries: 65536 (order: 7, 524288 bytes)
[    0.549889] Mount-cache hash table entries: 2048 (order: 2, 16384 bytes)
[    0.556704] Mountpoint-cache hash table entries: 2048 (order: 2, 16384 bytes)
[    0.564800] Initializing cgroup subsys io
[    0.568380] Initializing cgroup subsys memory
[    0.571901] Initializing cgroup subsys devices
[    0.574932] Initializing cgroup subsys freezer
[    0.577385] Initializing cgroup subsys net_cls
[    0.579831] Initializing cgroup subsys perf_event
[    0.582961] Initializing cgroup subsys net_prio
[    0.585553] Initializing cgroup subsys hugetlb
[    0.588630] Initializing cgroup subsys pids
[    0.593943] mce: CPU supports 0 MCE banks
[    0.596993] Last level iTLB entries: 4KB 64, 2MB 8, 4MB 8
[    0.600289] Last level dTLB entries: 4KB 64, 2MB 0, 4MB 0, 1GB 4
[    0.603778] Spectre V2 : Mitigation: Full generic retpoline
[    0.607114] Spectre V2 : Spectre v2 / SpectreRSB mitigation: Filling RSB on context switch
[    0.612195] Speculative Store Bypass: Vulnerable
[    0.614977] MDS: Vulnerable: Clear CPU buffers attempted, no microcode
[    0.625980] Freeing SMP alternatives memory: 36K
[    0.643531] ftrace: allocating 32312 entries in 127 pages
[    0.778041] smpboot: APIC(0) Converting physical 0 to logical package 0
[    0.780239] smpboot: Max logical packages: 1
[    0.781907] x2apic enabled
[    0.783103] Switched APIC routing to physical x2apic.
[    0.786214] ..TIMER: vector=0x30 apic1=0 pin1=2 apic2=-1 pin2=-1
[    0.893256] smpboot: CPU0: Intel(R) Core(TM) i7-7500U CPU @ 2.70GHz (family: 0x6, model: 0x8e, stepping: 0x9)
[    0.902409] Performance Events: unsupported p6 CPU model 142 no PMU driver, software events only.
[    0.939548] KVM setup paravirtual spinlock
[    0.942058] x86: Booting SMP configuration:
[    0.945997] .... node  #0, CPUs:      #1
[    0.947806] kvm-clock: cpu 1, msr 0:3ffe3041, secondary cpu clock
[    0.952360] mce: CPU supports 0 MCE banks
[    0.955800] x86: Booted up 1 node, 2 CPUs
[    0.959194] smpboot: Total of 2 processors activated (11616.01 BogoMIPS)
[    0.963044] devtmpfs: initialized
[    0.968244] evm: security.selinux
[    0.969631] evm: security.SMACK64
[    0.972149] evm: security.SMACK64EXEC
[    0.973553] evm: security.SMACK64TRANSMUTE
[    0.974806] evm: security.SMACK64MMAP
[    0.976301] evm: security.ima
[    0.977216] evm: security.capability
[    0.982381] clocksource: jiffies: mask: 0xffffffff max_cycles: 0xffffffff, max_idle_ns: 7645041785100000 ns
[    1.002734] futex hash table entries: 512 (order: 3, 32768 bytes)
[    1.004869] pinctrl core: initialized pinctrl subsystem
[    1.006888] RTC time: 10:27:55, date: 08/16/19
[    1.008879] NET: Registered protocol family 16
[    1.021211] cpuidle: using governor ladder
[    1.033724] cpuidle: using governor menu
[    1.035054] PCCT header not found.
[    1.036323] ACPI: bus type PCI registered
[    1.037643] acpiphp: ACPI Hot Plug PCI Controller Driver version: 0.5
[    1.039926] PCI: Using configuration type 1 for base access
[    1.055058] ACPI: Added _OSI(Module Device)
[    1.059323] ACPI: Added _OSI(Processor Device)
[    1.062956] ACPI: Added _OSI(3.0 _SCP Extensions)
[    1.066685] ACPI: Added _OSI(Processor Aggregator Device)
[    1.073190] ACPI: Executed 1 blocks of module-level executable AML code
[    1.086886] ACPI: Interpreter enabled
[    1.090388] ACPI: (supports S0 S5)
[    1.093485] ACPI: Using IOAPIC for interrupt routing
[    1.098607] PCI: Using host bridge windows from ACPI; if necessary, use "pci=nocrs" and report a bug
[    1.118850] ACPI: PCI Root Bridge [PCI0] (domain 0000 [bus 00-ff])
[    1.123576] acpi PNP0A03:00: _OSC: OS supports [ASPM ClockPM Segments MSI]
[    1.129757] acpi PNP0A03:00: _OSC: not requesting OS control; OS requires [ExtendedConfig ASPM ClockPM MSI]
[    1.135867] acpi PNP0A03:00: fail to add MMCONFIG information, can't access extended PCI configuration space under this bridge.
[    1.141839] PCI host bridge to bus 0000:00
[    1.144064] pci_bus 0000:00: root bus resource [io  0x0000-0x0cf7 window]
[    1.146973] pci_bus 0000:00: root bus resource [io  0x0d00-0xffff window]
[    1.149788] pci_bus 0000:00: root bus resource [mem 0x000a0000-0x000bffff window]
[    1.153398] pci_bus 0000:00: root bus resource [mem 0x40000000-0xfdffffff window]
[    1.157305] pci_bus 0000:00: root bus resource [bus 00-ff]
[    1.165335] pci 0000:00:01.1: legacy IDE quirk: reg 0x10: [io  0x01f0-0x01f7]
[    1.168320] pci 0000:00:01.1: legacy IDE quirk: reg 0x14: [io  0x03f6]
[    1.171151] pci 0000:00:01.1: legacy IDE quirk: reg 0x18: [io  0x0170-0x0177]
[    1.174581] pci 0000:00:01.1: legacy IDE quirk: reg 0x1c: [io  0x0376]
[    1.222357] pci 0000:00:07.0: quirk: [io  0x4000-0x403f] claimed by PIIX4 ACPI
[    1.254704] pci 0000:00:07.0: quirk: [io  0x4100-0x410f] claimed by PIIX4 SMB
[    1.269196] ACPI: PCI Interrupt Link [LNKA] (IRQs 5 9 10 *11)
[    1.273492] ACPI: PCI Interrupt Link [LNKB] (IRQs 5 9 *10 11)
[    1.276933] ACPI: PCI Interrupt Link [LNKC] (IRQs 5 *9 10 11)
[    1.280585] ACPI: PCI Interrupt Link [LNKD] (IRQs 5 9 10 *11)
[    1.285206] ACPI: Enabled 2 GPEs in block 00 to 07
[    1.288356] vgaarb: setting as boot device: PCI:0000:00:02.0
[    1.290918] vgaarb: device added: PCI:0000:00:02.0,decodes=io+mem,owns=io+mem,locks=none
[    1.295053] vgaarb: loaded
[    1.296756] vgaarb: bridge control possible 0000:00:02.0
[    1.299818] SCSI subsystem initialized
[    1.302034] ACPI: bus type USB registered
[    1.304859] usbcore: registered new interface driver usbfs
[    1.307332] usbcore: registered new interface driver hub
[    1.310115] usbcore: registered new device driver usb
[    1.313054] PCI: Using ACPI for IRQ routing
[    1.315526] NetLabel: Initializing
[    1.317258] NetLabel:  domain hash size = 128
[    1.319305] NetLabel:  protocols = UNLABELED CIPSOv4
[    1.327211] NetLabel:  unlabeled traffic allowed by default
[    1.330047] amd_nb: Cannot enumerate AMD northbridges
[    1.332385] clocksource: Switched to clocksource kvm-clock
[    1.359024] AppArmor: AppArmor Filesystem Enabled
[    1.361371] pnp: PnP ACPI init
[    1.364962] pnp: PnP ACPI: found 3 devices
[    1.389148] clocksource: acpi_pm: mask: 0xffffff max_cycles: 0xffffff, max_idle_ns: 2085701024 ns
[    1.393266] NET: Registered protocol family 2
[    1.395603] TCP established hash table entries: 8192 (order: 4, 65536 bytes)
[    1.398385] TCP bind hash table entries: 8192 (order: 5, 131072 bytes)
[    1.401156] TCP: Hash tables configured (established 8192 bind 8192)
[    1.404071] UDP hash table entries: 512 (order: 2, 16384 bytes)
[    1.406605] UDP-Lite hash table entries: 512 (order: 2, 16384 bytes)
[    1.409389] NET: Registered protocol family 1
[    1.411459] pci 0000:00:00.0: Limiting direct PCI/PCI transfers
[    1.414187] pci 0000:00:01.0: Activating ISA DMA hang workarounds
[    1.416981] Unpacking initramfs...
[    1.897389] Freeing initrd memory: 14824K
[    1.898993] clocksource: tsc: mask: 0xffffffffffffffff max_cycles: 0x29dc09beef1, max_idle_ns: 440795310252 ns
[    1.902115] platform rtc_cmos: registered platform RTC device (no PNP device found)
[    1.905267] Scanning for low memory corruption every 60 seconds
[    1.907593] audit: initializing netlink subsys (disabled)
[    1.909611] audit: type=2000 audit(1565951281.312:1): initialized
[    1.911786] Initialise system trusted keyring
[    1.913405] HugeTLB registered 2 MB page size, pre-allocated 0 pages
[    1.917143] zbud: loaded
[    1.918579] VFS: Disk quotas dquot_6.6.0
[    1.919896] VFS: Dquot-cache hash table entries: 512 (order 0, 4096 bytes)
[    1.922049] squashfs: version 4.0 (2009/01/31) Phillip Lougher
[    1.923852] fuse init (API version 7.23)
[    1.925387] Key type big_key registered
[    1.926390] Allocating IMA MOK and blacklist keyrings.
[    1.931271] Key type asymmetric registered
[    1.932422] Asymmetric key parser 'x509' registered
[    1.933706] Block layer SCSI generic (bsg) driver version 0.4 loaded (major 249)
[    1.935755] io scheduler noop registered
[    1.937338] io scheduler deadline registered (default)
[    1.938805] io scheduler cfq registered
[    1.940167] pci_hotplug: PCI Hot Plug PCI Core version: 0.5
[    1.941871] pciehp: PCI Express Hot Plug Controller Driver version: 0.4
[    1.943616] ACPI: AC Adapter [AC] (off-line)
[    1.944774] input: Power Button as /devices/LNXSYSTM:00/LNXPWRBN:00/input/input0
[    1.946634] ACPI: Power Button [PWRF]
[    1.947664] input: Sleep Button as /devices/LNXSYSTM:00/LNXSLPBN:00/input/input1
[    1.949632] ACPI: Sleep Button [SLPF]
[    1.952198] ACPI: Battery Slot [BAT0] (battery present)
[    1.953945] GHES: HEST is not enabled!
[    1.955450] Serial: 8250/16550 driver, 32 ports, IRQ sharing enabled
[    1.977719] 00:02: ttyS0 at I/O 0x3f8 (irq = 4, base_baud = 115200) is a 16550A
[    1.986715] Linux agpgart interface v0.103
[    1.993477] loop: module loaded
[    1.996069] scsi host0: ata_piix
[    1.997623] scsi host1: ata_piix
[    1.998819] ata1: PATA max UDMA/33 cmd 0x1f0 ctl 0x3f6 bmdma 0xd000 irq 14
[    2.000642] ata2: PATA max UDMA/33 cmd 0x170 ctl 0x376 bmdma 0xd008 irq 15
[    2.002648] libphy: Fixed MDIO Bus: probed
[    2.003828] tun: Universal TUN/TAP device driver, 1.6
[    2.005195] tun: (C) 1999-2004 Max Krasnyansky <maxk@qualcomm.com>
[    2.008001] PPP generic driver version 2.4.2
[    2.009806] ehci_hcd: USB 2.0 'Enhanced' Host Controller (EHCI) Driver
[    2.012184] ehci-pci: EHCI PCI platform driver
[    2.013464] ehci-platform: EHCI generic platform driver
[    2.015408] ohci_hcd: USB 1.1 'Open' Host Controller (OHCI) Driver
[    2.017175] ohci-pci: OHCI PCI platform driver
[    2.019160] ohci-platform: OHCI generic platform driver
[    2.021198] uhci_hcd: USB Universal Host Controller Interface driver
[    2.023323] i8042: PNP: PS/2 Controller [PNP0303:PS2K,PNP0f03:PS2M] at 0x60,0x64 irq 1,12
[    2.026464] serio: i8042 KBD port at 0x60,0x64 irq 1
[    2.028806] serio: i8042 AUX port at 0x60,0x64 irq 12
[    2.031261] mousedev: PS/2 mouse device common for all mice
[    2.034969] input: AT Translated Set 2 keyboard as /devices/platform/i8042/serio0/input/input2
[    2.039345] rtc_cmos rtc_cmos: rtc core: registered rtc_cmos as rtc0
[    2.041846] rtc_cmos rtc_cmos: alarms up to one day, 114 bytes nvram
[    2.044062] i2c /dev entries driver
[    2.045479] device-mapper: uevent: version 1.0.3
[    2.047304] device-mapper: ioctl: 4.34.0-ioctl (2015-10-28) initialised: dm-devel@redhat.com
[    2.050383] ledtrig-cpu: registered to indicate activity on CPUs
[    2.053426] NET: Registered protocol family 10
[    2.056542] NET: Registered protocol family 17
[    2.058732] Key type dns_resolver registered
[    2.061944] registered taskstats version 1
[    2.064412] Loading compiled-in X.509 certificates
[    2.067891] Loaded X.509 cert 'Build time autogenerated kernel key: 3e01e6df98386236d59670e6b2ed19a044d5324e'
[    2.072446] zswap: loaded using pool lzo/zbud
[    2.077822] Key type trusted registered
[    2.085968] Key type encrypted registered
[    2.087785] AppArmor: AppArmor sha1 policy hashing enabled
[    2.090233] ima: No TPM chip found, activating TPM-bypass!
[    2.092240] ima: Allocated hash algorithm: sha1
[    2.094192] evm: HMAC attrs: 0x1
[    2.095669]   Magic number: 15:200:477
[    2.097038] rtc_cmos rtc_cmos: setting system clock to 2019-08-16 10:27:56 UTC (1565951276)
[    2.099708] BIOS EDD facility v0.16 2004-Jun-25, 0 devices found
[    2.102587] EDD information not available.
[    2.159576] Freeing unused kernel memory: 1484K
[    2.161788] Write protecting the kernel read-only data: 14336k
[    2.164784] Freeing unused kernel memory: 1612K
[    2.166227] Freeing unused kernel memory: 64K
Loading, please wait...
starting version 229
[    2.194599] random: systemd-udevd: uninitialized urandom read (16 bytes read, 5 bits of entropy available)
[    2.195282] random: udevadm: uninitialized urandom read (16 bytes read, 5 bits of entropy available)
[    2.195315] random: udevadm: uninitialized urandom read (16 bytes read, 5 bits of entropy available)
[    2.203335] random: systemd-udevd: uninitialized urandom read (16 bytes read, 5 bits of entropy available)
[    2.206666] random: systemd-udevd: uninitialized urandom read (16 bytes read, 5 bits of entropy available)
[    2.207627] random: udevadm: uninitialized urandom read (16 bytes read, 5 bits of entropy available)
[    2.207674] random: udevadm: uninitialized urandom read (16 bytes read, 5 bits of entropy available)
[    2.207843] random: udevadm: uninitialized urandom read (16 bytes read, 5 bits of entropy available)
[    2.207911] random: udevadm: uninitialized urandom read (16 bytes read, 5 bits of entropy available)
[    2.207992] random: udevadm: uninitialized urandom read (16 bytes read, 5 bits of entropy available)
[    2.291144] Fusion MPT base driver 3.04.20
[    2.292918] Copyright (c) 1999-2008 LSI Corporation
[    2.303901] e1000: Intel(R) PRO/1000 Network Driver - version 7.3.21-k8-NAPI
[    2.306412] e1000: Copyright (c) 1999-2006 Intel Corporation.
[    2.328408] Fusion MPT SPI Host driver 3.04.20
[    2.344047] AVX2 version of gcm_enc/dec engaged.
[    2.346187] AES CTR mode by8 optimization enabled
[    2.504822] input: ImExPS/2 Generic Explorer Mouse as /devices/platform/i8042/serio1/input/input4
[    2.940139] e1000 0000:00:03.0 eth0: (PCI:33MHz:32-bit) 02:c2:66:bb:16:6d
[    2.947230] e1000 0000:00:03.0 eth0: Intel(R) PRO/1000 Network Connection
[    2.957629] mptbase: ioc0: Initiating bringup
[    2.966206] e1000 0000:00:03.0 enp0s3: renamed from eth0
[    3.032539] ioc0: LSI53C1030 A0: Capabilities={Initiator}
[    3.983680] scsi host2: ioc0: LSI53C1030 A0, FwRev=00000000h, Ports=1, MaxQ=256, IRQ=20
[    4.145398] scsi 2:0:0:0: Direct-Access     VBOX     HARDDISK         1.0  PQ: 0 ANSI: 5
[    4.152979] scsi target2:0:0: Beginning Domain Validation
[    4.165518] scsi target2:0:0: Domain Validation skipping write tests
[    4.172590] scsi target2:0:0: Ending Domain Validation
[    4.178620] scsi target2:0:0: asynchronous
[    4.187088] scsi 2:0:1:0: Direct-Access     VBOX     HARDDISK         1.0  PQ: 0 ANSI: 5
[    4.195765] scsi target2:0:1: Beginning Domain Validation
[    4.203317] scsi target2:0:1: Domain Validation skipping write tests
[    4.207045] scsi target2:0:1: Ending Domain Validation
[    4.210756] scsi target2:0:1: asynchronous
[    4.230747] sd 2:0:0:0: Attached scsi generic sg0 type 0
[    4.234700] sd 2:0:0:0: [sda] 20971520 512-byte logical blocks: (10.7 GB/10.0 GiB)
[    4.277050] sd 2:0:0:0: [sda] Write Protect is off
[    4.278104] sd 2:0:1:0: Attached scsi generic sg1 type 0
[    4.285224] sd 2:0:1:0: [sdb] 20480 512-byte logical blocks: (10.5 MB/10.0 MiB)
[    4.285270] sd 2:0:0:0: [sda] Incomplete mode parameter data
[    4.285274] sd 2:0:0:0: [sda] Assuming drive cache: write through
[    4.295987]  sda: sda1
[    4.298901] sd 2:0:0:0: [sda] Attached SCSI disk
[    4.315516] sd 2:0:1:0: [sdb] Write Protect is off
[    4.318225] sd 2:0:1:0: [sdb] Incomplete mode parameter data
[    4.320421] sd 2:0:1:0: [sdb] Assuming drive cache: write through
[    4.327182] sd 2:0:1:0: [sdb] Attached SCSI disk
Begin: Loading essential drivers ... [    6.214489] md: linear personality registered for level -1
[    6.219839] md: multipath personality registered for level -4
[    6.225415] md: raid0 personality registered for level 0
[    6.231499] md: raid1 personality registered for level 1
[    6.313592] raid6: sse2x1   gen()  6079 MB/s
[    6.380564] raid6: sse2x1   xor()  5129 MB/s
[    6.448441] raid6: sse2x2   gen()  8711 MB/s
[    6.516437] raid6: sse2x2   xor()  3975 MB/s
[    6.584747] raid6: sse2x4   gen()  9291 MB/s
[    6.652841] raid6: sse2x4   xor()  8042 MB/s
[    6.720456] raid6: avx2x1   gen() 10621 MB/s
[    6.788751] raid6: avx2x2   gen() 16230 MB/s
[    6.856752] raid6: avx2x4   gen()  9778 MB/s
[    6.858885] raid6: using algorithm avx2x2 gen() 16230 MB/s
[    6.862340] raid6: using avx2x2 recovery algorithm
[    6.866445] xor: automatically using best checksumming function:
[    6.908406]    avx       : 14095.000 MB/sec
[    6.914053] async_tx: api initialized (async)
[    6.939137] md: raid6 personality registered for level 6
[    6.941002] md: raid5 personality registered for level 5
[    6.942833] md: raid4 personality registered for level 4
[    6.957504] md: raid10 personality registered for level 10
done.
Begin: Running /scripts/init-premount ... done.
Begin: Mounting root file system ... Begin: Running /scripts/local-top ... done.
Begin: Running /scripts/local-premount ... [    7.020294] Btrfs loaded
Scanning for Btrfs filesystems
done.
Warning: fsck not present, so skipping root file system
[    7.065368] EXT4-fs (sda1): mounted filesystem with ordered data mode. Opts: (null)
done.
Begin: Running /scripts/local-bottom ... done.
Begin: Running /scripts/init-bottom ... done.
[    7.265591] systemd[1]: systemd 229 running in system mode. (+PAM +AUDIT +SELINUX +IMA +APPARMOR +SMACK +SYSVINIT +UTMP +LIBCRYPTSETUP +GCRYPT +GNUTLS +ACL +XZ -LZ4 +SECCOMP +BLKID +ELFUTILS +KMOD -IDN)
[    7.279685] systemd[1]: Detected virtualization oracle.
[    7.283849] systemd[1]: Detected architecture x86-64.

Welcome to [1mUbuntu 16.04.6 LTS[0m!

[    7.297092] systemd[1]: Set hostname to <ubuntu>.
[    7.310315] systemd[1]: Initializing machine ID from random generator.
[    7.316059] systemd[1]: Installed transient /etc/machine-id file.
[    7.658114] systemd[1]: Listening on udev Control Socket.
[[0;32m  OK  [0m] Listening on udev Control Socket.
[    7.677490] systemd[1]: Started Forward Password Requests to Wall Directory Watch.
[[0;32m  OK  [0m] Started Forward Password Requests to Wall Directory Watch.
[    7.692407] systemd[1]: Reached target System Time Synchronized.
[[0;32m  OK  [0m] Reached target System Time Synchronized.
[    7.702943] systemd[1]: Reached target Encrypted Volumes.
[[0;32m  OK  [0m] Reached target Encrypted Volumes.
[    7.713427] systemd[1]: Listening on Syslog Socket.
[[0;32m  OK  [0m] Listening on Syslog Socket.
[    7.729831] systemd[1]: Set up automount Arbitrary Executable File Formats File System Automount Point.
[[0;32m  OK  [0m] Set up automount Arbitrary Executab...ats File System Automount Point.
[    7.744868] systemd[1]: Listening on LVM2 metadata daemon socket.
[[0;32m  OK  [0m] Listening on LVM2 metadata daemon socket.
[    7.758495] systemd[1]: Reached target User and Group Name Lookups.
[[0;32m  OK  [0m] Reached target User and Group Name Lookups.
[    7.771864] systemd[1]: Started Trigger resolvconf update for networkd DNS.
[[0;32m  OK  [0m] Started Trigger resolvconf update for networkd DNS.
[    7.782347] systemd[1]: Listening on LVM2 poll daemon socket.
[[0;32m  OK  [0m] Listening on LVM2 poll daemon socket.
[    7.790835] systemd[1]: Listening on Device-mapper event daemon FIFOs.
[[0;32m  OK  [0m] Listening on Device-mapper event daemon FIFOs.
[    7.797835] systemd[1]: Listening on /dev/initctl Compatibility Named Pipe.
[[0;32m  OK  [0m] Listening on /dev/initctl Compatibility Named Pipe.
[    7.803450] systemd[1]: Listening on Journal Socket (/dev/log).
[[0;32m  OK  [0m] Listening on Journal Socket (/dev/log).
[    7.809260] systemd[1]: Created slice System Slice.
[[0;32m  OK  [0m] Created slice System Slice.
[    7.814871] systemd[1]: Created slice system-serial\x2dgetty.slice.
[[0;32m  OK  [0m] Created slice system-serial\x2dgetty.slice.
[    7.824793] systemd[1]: Listening on Journal Socket.
[[0;32m  OK  [0m] Listening on Journal Socket.
[    7.844608] systemd[1]: Mounting Debug File System...
         Mounting Debug File System...
[    7.851153] systemd[1]: Starting Monitoring of LVM2 mirrors, snapshots etc. using dmeventd or progress polling...
         Starting Monitoring of LVM2 mirrors... dmeventd or progress polling...
[    7.863755] systemd[1]: Starting Load Kernel Modules...
         Starting Load Kernel Modules...
[    7.870762] systemd[1]: Starting Remount Root and Kernel File Systems...
         Starting Remount Root and Kernel File Systems...
[    7.880281] EXT4-fs (sda1): re-mounted. Opts: (null)
[    7.886432] systemd[1]: Starting Uncomplicated firewall...
         Starting Uncomplicated firewall...
[    7.892980] systemd[1]: Starting Nameserver information manager...
         Starting Nameserver information manager...
[    7.899732] systemd[1]: Mounting Huge Pages File System...
         Mounting Huge Pages File System...
[    7.904233] systemd[1]: Starting Create list of required static device nodes for the current kernel...
[    7.907829] Loading iSCSI transport class v2.0-870.
         Starting Create list of required st... nodes for the current kernel...
[    7.910956] systemd[1]: Reached target Swap.
[[0;32m  OK  [0m] Reached target Swap.
[    7.921628] iscsi: registered transport (tcp)
[    7.922311] systemd[1]: Starting Set console keymap...
         Starting Set console keymap...
[    7.927121] systemd[1]: Mounting POSIX Message Queue File System...
         Mounting POSIX Message Queue File System...
[    7.930693] systemd[1]: Listening on Journal Audit Socket.
[[0;32m  OK  [0m] Listening on Journal Audit Socket.
[    7.934365] systemd[1]: Starting Journal Service...
         Starting Journal Service...
[    7.938022] systemd[1]: Created slice User and Session Slice.
[[0;32m  OK  [0m] Created slice User and Session Slice.
[    7.941023] systemd[1]: Reached target Slices.
[[0;32m  OK  [0m] Reached target Slices.
[    7.943565] systemd[1]: Listening on udev Kernel Socket.
[[0;32m  OK  [0m] Listening on udev Kernel Socket.
[    7.951646] systemd[1]: Mounted Huge Pages File System.
[[0;32m  OK  [0m] Mounted Huge Pages File System.
[    7.955653] systemd[1]: Mounted Debug File System.
[[0;32m  OK  [0m] Mounted Debug File System.
[    7.958971] systemd[1]: Mounted POSIX Message Queue File System.
[[0;32m  OK  [0m] Mounted POSIX Message Queue File System.
[    7.962860] systemd[1]: Started Remount Root and Kernel File Systems.
[[0;32m  OK  [0m] Started Remount Root and Kernel File Systems.
[    7.967357] systemd[1]: Started Uncomplicated firewall.
[[0;32m  OK  [0m] Started Uncomplicated firewall.
[    7.986064] systemd[1]: Started Create list of required static device nodes for the current kernel.
[[0;32m  OK  [0m] Started Create list of required sta...ce node[    7.991367] iscsi: registered transport (iser)
s for the current kernel.
[    7.994564] systemd[1]: Started Nameserver information manager.
[[0;32m  OK  [0m] Started Nameserver information manager.
[    8.001863] systemd[1]: Started Journal Service.
[[0;32m  OK  [0m] Started Journal Service.
[[0;32m  OK  [0m] Started Load Kernel Modules.
[    8.047116] random: nonblocking pool is initialized
[[0;32m  OK  [0m] Started Set console keymap.
[[0;32m  OK  [0m] Started LVM2 metadata daemon.
         Mounting FUSE Control File System...
         Starting Apply Kernel Variables...
         Starting Create Static Device Nodes in /dev...
         Starting Load/Save Random Seed...
         Starting Flush Journal to Persistent Storage...
         Starting udev Coldplug all Devices...
[[0;32m  OK  [0m] Mounted FUSE Control File System.
[[0;32m  OK  [0m] Started Load/Save Random Seed.
[[0;32m  OK  [0m] Started Apply Kernel Variables.
[[0;32m  OK  [0m] Started Create Static Device Nodes in /dev.
[[0;32m  OK  [0m] Started Flush Journal to Persistent Storage.
         Starting udev Kernel Device Manager...
[[0;32m  OK  [0m] Started udev Coldplug all Devices.
[[0;32m  OK  [0m] Started udev Kernel Device Manager.
[[0;32m  OK  [0m] Started Dispatch Password Requests to Console Directory Watch.
[[0;32m  OK  [0m] Started Monitoring of LVM2 mirrors,...ng dmeventd or progress polling.
[[0;32m  OK  [0m] Reached target Local File Systems (Pre).
[[0;32m  OK  [0m] Reached target Local File Systems.
         Starting Set console font and keymap...
         Starting LSB: AppArmor initialization...
         Starting Tell Plymouth To Write Out Runtime Data...
         Starting Create Volatile Files and Directories...
         Starting Commit a transient machine-id on disk...
         Starting Initial cloud-init job (pre-networking)...
[[0;32m  OK  [0m] Started Tell Plymouth To Write Out Runtime Data.
[[0;32m  OK  [0m] Started Create Volatile Files and Directories.
[[0;32m  OK  [0m] Started Commit a transient machine-id on disk.
         Starting Update UTMP about System Boot/Shutdown...
[[0;32m  OK  [0m] Started Update UTMP about System Boot/Shutdown.
[[0;32m  OK  [0m] Found device /dev/ttyS0.
[[0;32m  OK  [0m] Listening on Load/Save RF Kill Switch Status /dev/rfkill Watch.
[   10.226194] cloud-init[491]: Cloud-init v. 19.1-1-gbaa47854-0ubuntu1~16.04.1 running 'init-local' at Fri, 16 Aug 2019 10:28:04 +0000. Up 9.46 seconds.
[[0;32m  OK  [0m] Started Initial cloud-init job (pre-networking).
[[0;32m  OK  [0m] Reached target Network (Pre).
[[0;32m  OK  [0m] Started Set console font and keymap.
[[0;32m  OK  [0m] Created slice system-getty.slice.
[[0;32m  OK  [0m] Started LSB: AppArmor initialization.
         Starting Raise network interfaces...
[[0;32m  OK  [0m] Started Raise network interfaces.
         Starting Initial cloud-init job (metadata service crawler)...
[[0;32m  OK  [0m] Reached target Network.
[   15.166150] cloud-init[946]: Cloud-init v. 19.1-1-gbaa47854-0ubuntu1~16.04.1 running 'init' at Fri, 16 Aug 2019 10:28:08 +0000. Up 13.11 seconds.
[   15.171405] cloud-init[946]: ci-info: ++++++++++++++++++++++++++++++++++++++Net device info++++++++++++++++++++++++++++++++++++++
[   15.177011] cloud-init[946]: ci-info: +--------+------+----------------------------+---------------+--------+-------------------+
[   15.182230] cloud-init[946]: ci-info: | Device |  Up  |          Address           |      Mask     | Scope  |     Hw-Address    |
[   15.188626] cloud-init[946]: ci-info: +--------+------+----------------------------+---------------+--------+-------------------+
[   15.193698] cloud-init[946]: ci-info: | enp0s3 | True |         10.0.2.15          | 255.255.255.0 | global | 02:c2:66:bb:16:6d |
[   15.200343] cloud-init[946]: ci-info: | enp0s3 | True | fe80::c2:66ff:febb:166d/64 |       .       |  link  | 02:c2:66:bb:16:6d |
[   15.207068] cloud-init[946]: ci-info: |   lo   | True |         127.0.0.1          |   255.0.0.0   |  host  |         .         |
[   15.212454] cloud-init[946]: ci-info: |   lo   | True |          ::1/128           |       .       |  host  |         .         |
[   15.217182] cloud-init[946]: ci-info: +--------+------+----------------------------+---------------+--------+-------------------+
[   15.219947] cloud-init[946]: ci-info: +++++++++++++++++++++++++++Route IPv4 info++++++++++++++++++++++++++++
[   15.223161] cloud-init[946]: ci-info: +-------+-------------+----------+---------------+-----------+-------+
[   15.226148] cloud-init[946]: ci-info: | Route | Destination | Gateway  |    Genmask    | Interface | Flags |
[   15.229576] cloud-init[946]: ci-info: +-------+-------------+----------+---------------+-----------+-------+
[   15.232803] cloud-init[946]: ci-info: |   0   |   0.0.0.0   | 10.0.2.2 |    0.0.0.0    |   enp0s3  |   UG  |
[   15.235876] cloud-init[946]: ci-info: |   1   |   10.0.2.0  | 0.0.0.0  | 255.255.255.0 |   enp0s3  |   U   |
[   15.244682] cloud-init[946]: ci-info: +-------+-------------+----------+---------------+-----------+-------+
[   15.248042] cloud-init[946]: ci-info: +++++++++++++++++++Route IPv6 info+++++++++++++++++++
[   15.250410] cloud-init[946]: ci-info: +-------+-------------+---------+-----------+-------+
[   15.252377] cloud-init[946]: ci-info: | Route | Destination | Gateway | Interface | Flags |
[   15.254844] cloud-init[946]: ci-info: +-------+-------------+---------+-----------+-------+
[   15.257094] cloud-init[946]: ci-info: |   0   |  fe80::/64  |    ::   |   enp0s3  |   U   |
[   15.259234] cloud-init[946]: ci-info: |   3   |   ff00::/8  |    ::   |   enp0s3  |   U   |
[   15.261377] cloud-init[946]: ci-info: +-------+-------------+---------+-----------+-------+
[   15.268749] cloud-init[946]: Generating public/private rsa key pair.
[   15.269958] cloud-init[946]: Your identification has been saved in /etc/ssh/ssh_host_rsa_key.
[   15.271582] cloud-init[946]: Your public key has been saved in /etc/ssh/ssh_host_rsa_key.pub.
[   15.273372] cloud-init[946]: The key fingerprint is:
[   15.274857] cloud-init[946]: SHA256:rU2gPMn4ee0J+CtuOMvYgoZj/0aG7PlLYlqGgume6JE root@ubuntu-xenial
[   15.276685] cloud-init[946]: The key's randomart image is:
[   15.278049] cloud-init[946]: +---[RSA 2048]----+
[   15.279016] cloud-init[946]: |                 |
[   15.279974] cloud-init[946]: |                 |
[   15.288477] cloud-init[946]: |        .        |
[   15.289820] cloud-init[946]: |     + o o       |
[   15.290815] cloud-init[946]: |  . o * S o      |
[   15.291738] cloud-init[946]: |..oo + + =       |
[   15.292698] cloud-init[946]: |=E.=+o+ + o      |
[   15.293668] cloud-init[946]: |BoO*=.oo o .     |
[   15.294688] cloud-init[946]: |*BooBOo.o.o      |
[   15.295679] cloud-init[946]: +----[SHA256]-----+
[   15.297134] cloud-init[946]: Generating public/private dsa key pair.
[   15.298327] cloud-init[946]: Your identification has been saved in /etc/ssh/ssh_host_dsa_key.
[   15.300084] cloud-init[946]: Your public key has been saved in /etc/ssh/ssh_host_dsa_key.pub.
[   15.301615] cloud-init[946]: The key fingerprint is:
[   15.302727] cloud-init[946]: SHA256:7Od4PxWrl0LmLyLtYgNPlj2hoqPdgulQSJnSHsV9Ybo root@ubuntu-xenial
[   15.308384] cloud-init[946]: The key's randomart image is:
[   15.309444] cloud-init[946]: +---[DSA 1024]----+
[   15.310418] cloud-init[946]: |   ...  o.       |
[   15.311437] cloud-init[946]: | .o.. .o.        |
[   15.312417] cloud-init[946]: |.+o   ..         |
[   15.313428] cloud-init[946]: |oo .   o  .   .  |
[   15.314407] cloud-init[946]: |. o   E S+ .   o |
[   15.315461] cloud-init[946]: | .    o.= o o o  |
[   15.316440] cloud-init[946]: |.  o . *...= o . |
[   15.317478] cloud-init[946]: | .o.+.  *++ * o  |
[   15.318468] cloud-init[946]: | .o..o...*oo.*.  |
[   15.319488] cloud-init[946]: +----[SHA256]-----+
[   15.320577] cloud-init[946]: Generating public/private ecdsa key pair.
[   15.321866] cloud-init[946]: Your identification has been saved in /etc/ssh/ssh_host_ecdsa_key.
[   15.328598] cloud-init[946]: Your public key has been saved in /etc/ssh/ssh_host_ecdsa_key.pub.
[   15.329988] cloud-init[946]: The key fingerprint is:
[   15.332827] [[0;32m  OK  [0m] Started Initial cloud-init job (metadata service crawler).
[[0;32m  OK  [0m] Reached target Cloud-config availability.
[[0;32m  OK  [0m] Reached target Network is Online.
cloud-init[946]: SHA256:E4NZYv/ty6NLyjGnVvex/D69+NQyMP7e22LfzzR+9LE root@ubuntu-xenial
[   15.337255] cloud-init[946]: The key's randomart image is:
[   15.344896]          Starting iSCSI initiator daemon (iscsid)...
[[0;32m  OK  [0m] Reached target System Initialization.
cloud-init[946]: +---[ECDSA 256]---+
[   15.348172] cloud-init[946]: |      o .        |
         Starting LXD - unix socket.
         Starting Socket activation for snappy daemon.
[[0;32m  OK  [0m] Listening on UUID daemon activation socket.
[[0;32m  OK  [0m] Listening on D-Bus System Message Bus Socket.
[[0;32m  OK  [0m] Listening on ACPID Listen Socket.
[[0;32m  OK  [0m] Started Daily Cleanup of Temporary Directories.
[   15.349489] cloud-init[946]: |     . *         |
[   15.356024] cloud-init[946]: |      o +        |
[[0;32m  OK  [0m] Started ACPI Events Check.
[   15.357408] [[0;32m  OK  [0m] Reached target Paths.
[[0;32m  OK  [0m] Started Daily apt download activities.
[[0;32m  OK  [0m] Started Daily apt upgrade and clean activities.
[[0;32m  OK  [0m] Reached target Timers.
[[0;32m  OK  [0m] Listening on LXD - unix socket.
[[0;32m  OK  [0m] Listening on Socket activation for snappy daemon.
cloud-init[946]: |         + .     |
[   15.363466] cloud-init[946]: |        S . +    |
[   15.365344] cloud-init[946]: |         ..o.o..o|
[   15.372825] [[0;32m  OK  [0m] Reached target Sockets.
[[0;32m  OK  [0m] Reached target Basic System.
[[0;32m  OK  [0m] Started Deferred execution scheduler.
cloud-init[946]: |        o.o.ooo*B|
[   15.377684] [[0;32m  OK  [0m] Started Regular background program processing daemon.
cloud-init         Starting Pollinate to seed the pseudo random number generator...
         Starting Virtualbox guest utils...
         Starting LXD - container startup/shutdown...
         Starting /etc/rc.local Compatibility...
         Starting Accounts Service...
[[0;32m  OK  [0m] Started D-Bus System Message Bus.
[946]: |       ..B ..oXEB|
[   15.401725] cloud-init[946]: |       .+ ooo=+X/|
[   15.404516] cloud-init[946]: +----[SHA256]-----+
[   15.407669] cloud-init[946]: Generating public/private ed25519 key pair.
[   15.409366] cloud-init[946]: Your identification has been saved in /etc/ssh/ssh_host_ed25519_key.
[   15.411351] cloud-init[946]: Your public key has been saved in /etc/ssh/ssh_host_ed25519_key.pub.
[   15.413487] cloud-init[946]: The key fingerprint is:
[   15.420446] cloud-init[946]: SHA256:l3S5kiFXqa1QO7Asw89mbXa8Q98z4+a8W+Yf1AQXhuk root@ubuntu-xenial
[   15.422817] cloud-init[946]: The key's randomart image is:
[   15.424756] cloud-init[946]: +--[ED25519 256]--+
[   15.426220] cloud-init[946]: |            ..+oo|
[   15.427634] cloud-init[946]: |        . ...+.o |
[   15.432846] cloud-init[946]: |     . ..++++   .|
[   15.435508] cloud-init[946]: |      + +++=.E ..|
[   15.436611] cloud-init[946]: |       =So=+.  ..|
[   15.437591] cloud-init[946]: |        =.=.+ .  |
[   15.438614] cloud-init[946]: |       o o o o oo|
[   15.439950] cloud-init[946]: |            o oB+|
[   15.441550] cloud-init[946]: |             .+*X|
[   15.442603] cloud-init[946]: +----[SHA256]-----+
         Starting System Logging Service...
[[0;32m  OK  [0m] Started ACPI event daemon.
         Starting LSB: MD monitoring daemon...
         Starting Snappy daemon...
         Starting LSB: Record successful boot for GRUB...
         Starting Login Service...
[[0;32m  OK  [0m] Started FUSE filesystem for LXC.
[[0;32m  OK  [0m] Started /etc/rc.local Compatibility.
[[0;32m  OK  [0m] Started System Logging Service.
[[0;32m  OK  [0m] Started iSCSI initiator daemon (iscsid).
[[0;32m  OK  [0m] Started LXD - container startup/shutdown.
         Starting Authenticate and Authorize Users to Run Privileged Tasks...
         Starting Login to default iSCSI targets...
[[0;32m  OK  [0m] Started LSB: Record successful boot for GRUB.
[[0;32m  OK  [0m] Started Login Service.
[[0;32m  OK  [0m] Started LSB: MD monitoring daemon.
[[0;32m  OK  [0m] Started Authenticate and Authorize Users to Run Privileged Tasks.
[[0;32m  OK  [0m] Started Accounts Service.
[[0;32m  OK  [0m] Started Unattended Upgrades Shutdown.
[[0;32m  OK  [0m] Started Login to default iSCSI targets.
[[0;32m  OK  [0m] Started Virtualbox guest utils.
[[0;32m  OK  [0m] Reached target Remote File Systems (Pre).
[[0;32m  OK  [0m] Reached target Remote File Systems.
         Starting LSB: automatic crash report generation...
         Starting Permit User Sessions...
         Starting LSB: Set the CPU Frequency Scaling governor to "ondemand"...
         Starting LSB: daemon to balance interrupts for SMP systems...
[[0;32m  OK  [0m] Started Permit User Sessions.
         Starting Terminate Plymouth Boot Screen...
         Starting Hold until boot process finishes up...
[[0;32m  OK  [0m] Started LSB: Set the CPU Frequency Scaling governor to "ondemand".
[[0;32m  OK  [0m] Started Hold until boot process finishes up.
[[0;32m  OK  [0m] Started Terminate Plymouth Boot Screen.
[[0;32m  OK  [0m] Started LSB: automatic crash report generation.
         Starting Set console scheme...
[[0;32m  OK  [0m] Started Serial Getty on ttyS0.
[[0;32m  OK  [0m] Started Getty on tty1.
[[0;32m  OK  [0m] Reached target Login Prompts.
[[0;32m  OK  [0m] Started Pollinate to seed the pseudo random number generator.
[[0;32m  OK  [0m] Started LSB: daemon to balance interrupts for SMP systems.
[[0;32m  OK  [0m] Started Set console scheme.
         Starting OpenBSD Secure Shell server...
[[0;32m  OK  [0m] Started OpenBSD Secure Shell server.
[[0;32m  OK  [0m] Started Snappy daemon.
         Starting Wait until snapd is fully seeded...
[[0;32m  OK  [0m] Started Wait until snapd is fully seeded.
[[0;32m  OK  [0m] Reached target Multi-User System.
[[0;32m  OK  [0m] Reached target Graphical Interface.
         Starting Update UTMP about System Runlevel Changes...
         Starting Apply the settings specified in cloud-config...
[[0;32m  OK  [0m] Started Update UTMP about System Runlevel Changes.
[[0;32m  OK  [0m] Created slice User Slice of vagrant.
         Starting User Manager for UID 1000...
[[0;32m  OK  [0m] Started Session 1 of user vagrant.
[[0;32m  OK  [0m] Started User Manager for UID 1000.
[   18.812714] cloud-init[1304]: Generating locales (this might take a while)...
[   20.661491] cloud-init[1304]:   en_US.UTF-8... done
[   20.662804] cloud-init[1304]: Generation complete.
[   21.329951] cloud-init[1304]: Cloud-init v. 19.1-1-gbaa47854-0ubuntu1~16.04.1 running 'modules:config' at Fri, 16 Aug 2019 10:28:13 +0000. Up 18.53 seconds.

Ubuntu 16.04.6 LTS ubuntu-xenial ttyS0

ubuntu-xenial login: ci-info: no authorized ssh keys fingerprints found for user ubuntu.
<14>Aug 16 10:28:17 ec2: 
<14>Aug 16 10:28:17 ec2: #############################################################
<14>Aug 16 10:28:17 ec2: -----BEGIN SSH HOST KEY FINGERPRINTS-----
<14>Aug 16 10:28:17 ec2: 1024 SHA256:7Od4PxWrl0LmLyLtYgNPlj2hoqPdgulQSJnSHsV9Ybo root@ubuntu-xenial (DSA)
<14>Aug 16 10:28:17 ec2: 256 SHA256:E4NZYv/ty6NLyjGnVvex/D69+NQyMP7e22LfzzR+9LE root@ubuntu-xenial (ECDSA)
<14>Aug 16 10:28:17 ec2: 256 SHA256:l3S5kiFXqa1QO7Asw89mbXa8Q98z4+a8W+Yf1AQXhuk root@ubuntu-xenial (ED25519)
<14>Aug 16 10:28:17 ec2: 2048 SHA256:rU2gPMn4ee0J+CtuOMvYgoZj/0aG7PlLYlqGgume6JE root@ubuntu-xenial (RSA)
<14>Aug 16 10:28:17 ec2: -----END SSH HOST KEY FINGERPRINTS-----
<14>Aug 16 10:28:17 ec2: #############################################################
-----BEGIN SSH HOST KEY KEYS-----
ecdsa-sha2-nistp256 AAAAE2VjZHNhLXNoYTItbmlzdHAyNTYAAAAIbmlzdHAyNTYAAABBBOckxNQMbPYDkx6X9/4wRTA/VIclq+9K7191H0cc9d/6ngygnR9hVxdDVnfm3QqMUDIhco7DrG3OboKv4Q9Q2wg= root@ubuntu-xenial
ssh-ed25519 AAAAC3NzaC1lZDI1NTE5AAAAIOAhkTOcxCr1VMghrcFs98revSk478TIm2rGD+QtW/s8 root@ubuntu-xenial
ssh-rsa AAAAB3NzaC1yc2EAAAADAQABAAABAQDb7Akd9vWTAfRGc5kuw3ZH75TsXs24Gr1JRaQZeD15v4MzVYMBprh9m7iQ/i7RAF1W1YgXcq6ukRFtFju159n1YrIRfLyAjwpqOoXhc/s2462TLnd7VFVdpzWEaONJTpY8LJXI5kS/kf8oFrVgM6XXFlhJi2eOBLF+BeRKikam+KZWwfBpOFn1xL5m5WeDT0s+8N+4/kto3+/xwqBZVgApqBs9/86ALSunjWzHI1E32XHDxaUbAh7JDdFavTsba2A/ldNKa2lkxUvpzYQlIdhh9Ard2qHvv1Nj+zV25DfWoRqoNK+jwilZDmAE6Q/LKa6VVARuNfzdzmdsCyg2ovdb root@ubuntu-xenial
-----END SSH HOST KEY KEYS-----
[   22.300842] cloud-init[1488]: Cloud-init v. 19.1-1-gbaa47854-0ubuntu1~16.04.1 running 'modules:final' at Fri, 16 Aug 2019 10:28:17 +0000. Up 22.05 seconds.
[   22.303817] cloud-init[1488]: ci-info: no authorized ssh keys fingerprints found for user ubuntu.
[   22.304419] cloud-init[1488]: Cloud-init v. 19.1-1-gbaa47854-0ubuntu1~16.04.1 finished at Fri, 16 Aug 2019 10:28:17 +0000. Datasource DataSourceNoCloud [seed=/dev/sdb][dsmode=net].  Up 22.28 seconds
